<?xml version='1.0' encoding='UTF-8'?>
<testsuite hostname="kamil-Latitude-E6540" name="authentication.AuthenticationHandlerTest" tests="4" errors="0" failures="0" skipped="0" time="0.623" timestamp="2021-09-22T20:42:17">
          <properties>
      <property name="awt.toolkit" value="sun.awt.X11.XToolkit"/><property name="java.specification.version" value="11"/><property name="sun.cpu.isalist" value=""/><property name="sun.jnu.encoding" value="UTF-8"/><property name="sun.arch.data.model" value="64"/><property name="java.vendor.url" value="https://ubuntu.com/"/><property name="sun.boot.library.path" value="/usr/lib/jvm/java-11-openjdk-amd64/lib"/><property name="sun.java.command" value="/home/kamil/.cache/sbt/boot/sbt-launch/1.5.5/sbt-launch-1.5.5.jar"/><property name="jdk.debug" value="release"/><property name="java.specification.vendor" value="Oracle Corporation"/><property name="java.version.date" value="2021-04-20"/><property name="java.home" value="/usr/lib/jvm/java-11-openjdk-amd64"/><property name="file.separator" value="/"/><property name="java.vm.compressedOopsMode" value="32-bit"/><property name="line.separator" value="
"/><property name="java.specification.name" value="Java Platform API Specification"/><property name="java.vm.specification.vendor" value="Oracle Corporation"/><property name="sun.management.compiler" value="HotSpot 64-Bit Tiered Compilers"/><property name="java.runtime.version" value="11.0.11+9-Ubuntu-0ubuntu2.18.04"/><property name="user.name" value="kamil"/><property name="log4j.ignoreTCL" value="true"/><property name="file.encoding" value="UTF-8"/><property name="jnidispatch.path" value="/home/kamil/.cache/JNA/temp/jna4186330735032200607.tmp"/><property name="jna.loaded" value="true"/><property name="java.io.tmpdir" value="/tmp"/><property name="java.version" value="11.0.11"/><property name="java.vm.specification.name" value="Java Virtual Machine Specification"/><property name="java.awt.printerjob" value="sun.print.PSPrinterJob"/><property name="sun.os.patch.level" value="unknown"/><property name="java.library.path" value="/usr/java/packages/lib:/usr/lib/x86_64-linux-gnu/jni:/lib/x86_64-linux-gnu:/usr/lib/x86_64-linux-gnu:/usr/lib/jni:/lib:/usr/lib"/><property name="java.vendor" value="Ubuntu"/><property name="scala.ext.dirs" value="/home/kamil/.sbt/1.0/java9-rt-ext-ubuntu_11_0_11"/><property name="sun.io.unicode.encoding" value="UnicodeLittle"/><property name="sun.desktop" value="gnome"/><property name="java.class.path" value="/home/kamil/.cache/sbt/boot/sbt-launch/1.5.5/sbt-launch-1.5.5.jar"/><property name="java.vm.vendor" value="Ubuntu"/><property name="jline.shutdownhook" value="false"/><property name="user.timezone" value="Europe/Warsaw"/><property name="os.name" value="Linux"/><property name="java.vm.specification.version" value="11"/><property name="sun.java.launcher" value="SUN_STANDARD"/><property name="user.country" value="PL"/><property name="sun.cpu.endian" value="little"/><property name="user.home" value="/home/kamil"/><property name="user.language" value="pl"/><property name="swoval.tmpdir" value="/home/kamil/.sbt/1.0"/><property name="java.awt.graphicsenv" value="sun.awt.X11GraphicsEnvironment"/><property name="jline.esc.timeout" value="0"/><property name="path.separator" value=":"/><property name="os.version" value="5.4.0-84-generic"/><property name="jna.nosys" value="true"/><property name="java.runtime.name" value="OpenJDK Runtime Environment"/><property name="java.vm.name" value="OpenJDK 64-Bit Server VM"/><property name="jna.platform.library.path" value="/usr/lib/x86_64-linux-gnu:/lib/x86_64-linux-gnu:/lib64:/usr/lib:/lib:/usr/lib/i386-linux-gnu:/lib/i386-linux-gnu:/usr/lib/i386-linux-gnu/sse2"/><property name="java.vendor.url.bug" value="https://bugs.launchpad.net/ubuntu/+source/openjdk-lts"/><property name="user.dir" value="/home/kamil/Pulpit/Iterators/taskmanager"/><property name="os.arch" value="amd64"/><property name="java.vm.info" value="mixed mode, sharing"/><property name="java.vm.version" value="11.0.11+9-Ubuntu-0ubuntu2.18.04"/><property name="java.class.version" value="55.0"/>
    </properties>
          <testcase classname="authentication.AuthenticationHandlerTest" name="Authentication should be performed successfully" time="0.598">
                      
                    </testcase><testcase classname="authentication.AuthenticationHandlerTest" name="Authentication should be failed on request without authorization header" time="0.015">
                      
                    </testcase><testcase classname="authentication.AuthenticationHandlerTest" name="Authentication should be failed on request with &quot;Basic&quot; authorization header" time="0.004">
                      
                    </testcase><testcase classname="authentication.AuthenticationHandlerTest" name="Authentication should be failed on request with incorrect JWT token" time="0.006">
                      
                    </testcase>
          <system-out><![CDATA[]]></system-out>
          <system-err><![CDATA[]]></system-err>
        </testsuite>